<?xml version="1.0" encoding="UTF-8"?>
<!-- Generated by org.testng.reporters.JUnitReportReporter -->
<testsuite hostname="ISMAILSHOVON" failures="0" tests="3" name="testRunner.Runner" time="16.805" errors="0" timestamp="2023-11-02T21:55:05 EDT" skipped="0">
  <testcase classname="testRunner.Runner" name="runScenario" time="5.160"/>
  <testcase classname="testRunner.Runner" name="runScenario" time="6.702"/>
  <testcase classname="testRunner.Runner" name="runScenario" time="4.943"/>
</testsuite> <!-- testRunner.Runner -->
